
---------------------------------------------------------------------------
BOARD: C:/Users/yoyol/Desktop/Facultate/allegro/LAB12-t25-3.brd ROUTER: 17.2
DATE: Thu May 21 17:23:12 2020        HOST: DESKTOP-MV52DM8
---------------------------------------------------------------------------
Cnt St-ex Router      Att  Inv Miss Com% Drcs Vias   Etch  Cpu exec  Cpu Tot
--------- ------    ----- ---- ---- ---- ---- ---- ------  -------- --------
  Start    ----        17    0    0 100%    0    0     6.0  0:00:58  0:00:58

---------------------------------------------------------------------------
BOARD: C:/Users/yoyol/Desktop/Facultate/allegro/LAB12-t25-3.brd ROUTER: 17.2
DATE: Thu May 21 17:23:12 2020        HOST: DESKTOP-MV52DM8
---------------------------------------------------------------------------
Cnt St-ex Router      Att  Inv Miss Com% Drcs Vias   Etch  Cpu exec  Cpu Tot
--------- ------    ----- ---- ---- ---- ---- ---- ------  -------- --------
  Start    ----        17    0    0 100%    0    0     6.0  0:00:58  0:00:58

---------------------------------------------------------------------------
BOARD: C:/Users/yoyol/Desktop/Facultate/allegro/LAB12-t25-3.brd ROUTER: 17.2
DATE: Thu May 21 17:23:12 2020        HOST: DESKTOP-MV52DM8
---------------------------------------------------------------------------
Cnt St-ex Router      Att  Inv Miss Com% Drcs Vias   Etch  Cpu exec  Cpu Tot
--------- ------    ----- ---- ---- ---- ---- ---- ------  -------- --------
  Start    ----        17    0    0 100%    0    0     5.0  0:00:58  0:00:58
