Release 14.7 - xst P.20131013 (nt64)
Copyright (c) 1995-2013 Xilinx, Inc.  All rights reserved.
--> Parameter TMPDIR set to xst/projnav.tmp


Total REAL time to Xst completion: 0.00 secs
Total CPU time to Xst completion: 0.14 secs
 
--> Parameter xsthdpdir set to xst


Total REAL time to Xst completion: 0.00 secs
Total CPU time to Xst completion: 0.15 secs
 
--> Reading design: prima_schema.prj

TABLE OF CONTENTS
  1) Synthesis Options Summary
  2) HDL Parsing
  3) HDL Elaboration
  4) HDL Synthesis
       4.1) HDL Synthesis Report
  5) Advanced HDL Synthesis
       5.1) Advanced HDL Synthesis Report
  6) Low Level Synthesis
  7) Partition Report
  8) Design Summary
       8.1) Primitive and Black Box Usage
       8.2) Device utilization summary
       8.3) Partition Resource Summary
       8.4) Timing Report
            8.4.1) Clock Information
            8.4.2) Asynchronous Control Signals Information
            8.4.3) Timing Summary
            8.4.4) Timing Details
            8.4.5) Cross Clock Domains Report


=========================================================================
*                      Synthesis Options Summary                        *
=========================================================================
---- Source Parameters
Input File Name                    : "prima_schema.prj"
Ignore Synthesis Constraint File   : NO

---- Target Parameters
Output File Name                   : "prima_schema"
Output Format                      : NGC
Target Device                      : xc7a100t-3-csg324

---- Source Options
Top Module Name                    : prima_schema
Automatic FSM Extraction           : YES
FSM Encoding Algorithm             : Auto
Safe Implementation                : No
FSM Style                          : LUT
RAM Extraction                     : Yes
RAM Style                          : Auto
ROM Extraction                     : Yes
Shift Register Extraction          : YES
ROM Style                          : Auto
Resource Sharing                   : YES
Asynchronous To Synchronous        : NO
Shift Register Minimum Size        : 2
Use DSP Block                      : Auto
Automatic Register Balancing       : No

---- Target Options
LUT Combining                      : Auto
Reduce Control Sets                : Auto
Add IO Buffers                     : YES
Global Maximum Fanout              : 100000
Add Generic Clock Buffer(BUFG)     : 32
Register Duplication               : YES
Optimize Instantiated Primitives   : NO
Use Clock Enable                   : Auto
Use Synchronous Set                : Auto
Use Synchronous Reset              : Auto
Pack IO Registers into IOBs        : Auto
Equivalent register Removal        : YES

---- General Options
Optimization Goal                  : Speed
Optimization Effort                : 1
Power Reduction                    : NO
Keep Hierarchy                     : No
Netlist Hierarchy                  : As_Optimized
RTL Output                         : Yes
Global Optimization                : AllClockNets
Read Cores                         : YES
Write Timing Constraints           : NO
Cross Clock Analysis               : NO
Hierarchy Separator                : /
Bus Delimiter                      : <>
Case Specifier                     : Maintain
Slice Utilization Ratio            : 100
BRAM Utilization Ratio             : 100
DSP48 Utilization Ratio            : 100
Auto BRAM Packing                  : NO
Slice Utilization Ratio Delta      : 5

=========================================================================


=========================================================================
*                          HDL Parsing                                  *
=========================================================================
Parsing VHDL file "C:\Users\yoyol\Desktop\College stuff\PED\proiect_ed_part1\prima_schema.vhf" into library work
Parsing entity <CB4CE_HXILINX_prima_schema>.
Parsing architecture <Behavioral> of entity <cb4ce_hxilinx_prima_schema>.
Parsing entity <FTC_HXILINX_prima_schema>.
Parsing architecture <Behavioral> of entity <ftc_hxilinx_prima_schema>.
Parsing entity <CB16CE_HXILINX_prima_schema>.
Parsing architecture <Behavioral> of entity <cb16ce_hxilinx_prima_schema>.
Parsing entity <COMP16_HXILINX_prima_schema>.
Parsing architecture <COMP16_HXILINX_prima_schema_V> of entity <comp16_hxilinx_prima_schema>.
Parsing entity <CB2CE_HXILINX_prima_schema>.
Parsing architecture <Behavioral> of entity <cb2ce_hxilinx_prima_schema>.
Parsing entity <prima_schema>.
Parsing architecture <BEHAVIORAL> of entity <prima_schema>.

=========================================================================
*                            HDL Elaboration                            *
=========================================================================

Elaborating entity <prima_schema> (architecture <BEHAVIORAL>) from library <work>.

Elaborating entity <CB4CE_HXILINX_prima_schema> (architecture <Behavioral>) from library <work>.

Elaborating entity <CB16CE_HXILINX_prima_schema> (architecture <Behavioral>) from library <work>.

Elaborating entity <COMP16_HXILINX_prima_schema> (architecture <COMP16_HXILINX_prima_schema_V>) from library <work>.

Elaborating entity <CB2CE_HXILINX_prima_schema> (architecture <Behavioral>) from library <work>.

Elaborating entity <FTC_HXILINX_prima_schema> (architecture <Behavioral>) with generics from library <work>.

=========================================================================
*                           HDL Synthesis                               *
=========================================================================

Synthesizing Unit <prima_schema>.
    Related source file is "C:\Users\yoyol\Desktop\College stuff\PED\proiect_ed_part1\prima_schema.vhf".
    Set property "HU_SET = XLXI_1_1" for instance <XLXI_1>.
    Set property "HU_SET = XLXI_2_2" for instance <XLXI_2>.
    Set property "HU_SET = XLXI_3_3" for instance <XLXI_3>.
    Set property "HU_SET = XLXI_13_4" for instance <XLXI_13>.
    Set property "HU_SET = XLXI_50_0" for instance <XLXI_50>.
    Set property "HU_SET = XLXI_173_8" for instance <XLXI_173>.
    Set property "HU_SET = XLXI_175_7" for instance <XLXI_175>.
    Set property "HU_SET = XLXI_177_5" for instance <XLXI_177>.
    Set property "HU_SET = XLXI_179_6" for instance <XLXI_179>.
INFO:Xst:3210 - "C:\Users\yoyol\Desktop\College stuff\PED\proiect_ed_part1\prima_schema.vhf" line 433: Output port <TC> of the instance <XLXI_1> is unconnected or connected to loadless signal.
INFO:Xst:3210 - "C:\Users\yoyol\Desktop\College stuff\PED\proiect_ed_part1\prima_schema.vhf" line 444: Output port <CEO> of the instance <XLXI_2> is unconnected or connected to loadless signal.
INFO:Xst:3210 - "C:\Users\yoyol\Desktop\College stuff\PED\proiect_ed_part1\prima_schema.vhf" line 444: Output port <TC> of the instance <XLXI_2> is unconnected or connected to loadless signal.
INFO:Xst:3210 - "C:\Users\yoyol\Desktop\College stuff\PED\proiect_ed_part1\prima_schema.vhf" line 498: Output port <CEO> of the instance <XLXI_13> is unconnected or connected to loadless signal.
INFO:Xst:3210 - "C:\Users\yoyol\Desktop\College stuff\PED\proiect_ed_part1\prima_schema.vhf" line 498: Output port <Q0> of the instance <XLXI_13> is unconnected or connected to loadless signal.
INFO:Xst:3210 - "C:\Users\yoyol\Desktop\College stuff\PED\proiect_ed_part1\prima_schema.vhf" line 498: Output port <Q1> of the instance <XLXI_13> is unconnected or connected to loadless signal.
INFO:Xst:3210 - "C:\Users\yoyol\Desktop\College stuff\PED\proiect_ed_part1\prima_schema.vhf" line 519: Output port <CEO> of the instance <XLXI_50> is unconnected or connected to loadless signal.
INFO:Xst:3210 - "C:\Users\yoyol\Desktop\College stuff\PED\proiect_ed_part1\prima_schema.vhf" line 519: Output port <Q3> of the instance <XLXI_50> is unconnected or connected to loadless signal.
INFO:Xst:3210 - "C:\Users\yoyol\Desktop\College stuff\PED\proiect_ed_part1\prima_schema.vhf" line 519: Output port <TC> of the instance <XLXI_50> is unconnected or connected to loadless signal.
    Summary:
	no macro.
Unit <prima_schema> synthesized.

Synthesizing Unit <CB4CE_HXILINX_prima_schema>.
    Related source file is "C:\Users\yoyol\Desktop\College stuff\PED\proiect_ed_part1\prima_schema.vhf".
    Found 4-bit register for signal <COUNT>.
    Found 4-bit adder for signal <COUNT[3]_GND_8_o_add_0_OUT> created at line 57.
    Summary:
	inferred   1 Adder/Subtractor(s).
	inferred   4 D-type flip-flop(s).
Unit <CB4CE_HXILINX_prima_schema> synthesized.

Synthesizing Unit <CB16CE_HXILINX_prima_schema>.
    Related source file is "C:\Users\yoyol\Desktop\College stuff\PED\proiect_ed_part1\prima_schema.vhf".
    Found 16-bit register for signal <COUNT>.
    Found 16-bit adder for signal <COUNT[15]_GND_9_o_add_0_OUT> created at line 142.
    Summary:
	inferred   1 Adder/Subtractor(s).
	inferred  16 D-type flip-flop(s).
Unit <CB16CE_HXILINX_prima_schema> synthesized.

Synthesizing Unit <COMP16_HXILINX_prima_schema>.
    Related source file is "C:\Users\yoyol\Desktop\College stuff\PED\proiect_ed_part1\prima_schema.vhf".
    Summary:
	no macro.
Unit <COMP16_HXILINX_prima_schema> synthesized.

Synthesizing Unit <CB2CE_HXILINX_prima_schema>.
    Related source file is "C:\Users\yoyol\Desktop\College stuff\PED\proiect_ed_part1\prima_schema.vhf".
    Found 2-bit register for signal <COUNT>.
    Found 2-bit adder for signal <COUNT[1]_GND_11_o_add_0_OUT> created at line 205.
    Summary:
	inferred   1 Adder/Subtractor(s).
	inferred   2 D-type flip-flop(s).
Unit <CB2CE_HXILINX_prima_schema> synthesized.

Synthesizing Unit <FTC_HXILINX_prima_schema>.
    Related source file is "C:\Users\yoyol\Desktop\College stuff\PED\proiect_ed_part1\prima_schema.vhf".
        INIT = '0'
    Found 1-bit register for signal <q_tmp>.
    Summary:
	inferred   1 D-type flip-flop(s).
Unit <FTC_HXILINX_prima_schema> synthesized.

=========================================================================
HDL Synthesis Report

Macro Statistics
# Adders/Subtractors                                   : 4
 16-bit adder                                          : 1
 2-bit adder                                           : 1
 4-bit adder                                           : 2
# Registers                                            : 8
 1-bit register                                        : 4
 16-bit register                                       : 1
 2-bit register                                        : 1
 4-bit register                                        : 2

=========================================================================

=========================================================================
*                       Advanced HDL Synthesis                          *
=========================================================================


Synthesizing (advanced) Unit <CB16CE_HXILINX_prima_schema>.
The following registers are absorbed into counter <COUNT>: 1 register on signal <COUNT>.
Unit <CB16CE_HXILINX_prima_schema> synthesized (advanced).

Synthesizing (advanced) Unit <CB2CE_HXILINX_prima_schema>.
The following registers are absorbed into counter <COUNT>: 1 register on signal <COUNT>.
Unit <CB2CE_HXILINX_prima_schema> synthesized (advanced).

Synthesizing (advanced) Unit <CB4CE_HXILINX_prima_schema>.
The following registers are absorbed into counter <COUNT>: 1 register on signal <COUNT>.
Unit <CB4CE_HXILINX_prima_schema> synthesized (advanced).

=========================================================================
Advanced HDL Synthesis Report

Macro Statistics
# Counters                                             : 4
 16-bit up counter                                     : 1
 2-bit up counter                                      : 1
 4-bit up counter                                      : 2
# Registers                                            : 7
 Flip-Flops                                            : 7

=========================================================================

=========================================================================
*                         Low Level Synthesis                           *
=========================================================================

Optimizing unit <prima_schema> ...

Optimizing unit <CB4CE_HXILINX_prima_schema> ...

Optimizing unit <CB16CE_HXILINX_prima_schema> ...

Optimizing unit <CB2CE_HXILINX_prima_schema> ...

Optimizing unit <FTC_HXILINX_prima_schema> ...

Optimizing unit <COMP16_HXILINX_prima_schema> ...
WARNING:Xst:2677 - Node <COUNT_3> of sequential type is unconnected in block <XLXI_50>.

Mapping all equations...
Building and optimizing final netlist ...
Found area constraint ratio of 100 (+ 5) on block prima_schema, actual ratio is 0.

Final Macro Processing ...

=========================================================================
Final Register Report

Macro Statistics
# Registers                                            : 32
 Flip-Flops                                            : 32

=========================================================================

=========================================================================
*                           Partition Report                            *
=========================================================================

Partition Implementation Status
-------------------------------

  No Partitions were found in this design.

-------------------------------

=========================================================================
*                            Design Summary                             *
=========================================================================

Top Level Output File Name         : prima_schema.ngc

Primitive and Black Box Usage:
------------------------------
# BELS                             : 100
#      AND2                        : 2
#      AND3                        : 8
#      GND                         : 1
#      INV                         : 22
#      LUT1                        : 14
#      LUT2                        : 4
#      LUT3                        : 2
#      LUT4                        : 2
#      LUT6                        : 3
#      MUXCY                       : 15
#      OR2                         : 9
#      VCC                         : 2
#      XORCY                       : 16
# FlipFlops/Latches                : 32
#      FDC                         : 3
#      FDCE                        : 29
# Clock Buffers                    : 1
#      BUFGP                       : 1
# IO Buffers                       : 51
#      IBUF                        : 1
#      OBUF                        : 50

Device utilization summary:
---------------------------

Selected Device : 7a100tcsg324-3 


Slice Logic Utilization: 
 Number of Slice Registers:              32  out of  126800     0%  
 Number of Slice LUTs:                   47  out of  63400     0%  
    Number used as Logic:                47  out of  63400     0%  

Slice Logic Distribution: 
 Number of LUT Flip Flop pairs used:     79
   Number with an unused Flip Flop:      47  out of     79    59%  
   Number with an unused LUT:            32  out of     79    40%  
   Number of fully used LUT-FF pairs:     0  out of     79     0%  
   Number of unique control sets:         9

IO Utilization: 
 Number of IOs:                          52
 Number of bonded IOBs:                  52  out of    210    24%  

Specific Feature Utilization:
 Number of BUFG/BUFGCTRLs:                1  out of     32     3%  

---------------------------
Partition Resource Summary:
---------------------------

  No Partitions were found in this design.

---------------------------


=========================================================================
Timing Report

NOTE: THESE TIMING NUMBERS ARE ONLY A SYNTHESIS ESTIMATE.
      FOR ACCURATE TIMING INFORMATION PLEASE REFER TO THE TRACE REPORT
      GENERATED AFTER PLACE-and-ROUTE.

Clock Information:
------------------
-----------------------------------+------------------------+-------+
Clock Signal                       | Clock buffer(FF name)  | Load  |
-----------------------------------+------------------------+-------+
clock_in                           | BUFGP                  | 32    |
-----------------------------------+------------------------+-------+

Asynchronous Control Signals Information:
----------------------------------------
No asynchronous control signals found in this design

Timing Summary:
---------------
Speed Grade: -3

   Minimum period: 3.447ns (Maximum Frequency: 290.107MHz)
   Minimum input arrival time before clock: 1.572ns
   Maximum output required time after clock: 3.071ns
   Maximum combinational path delay: No path found

Timing Details:
---------------
All values displayed in nanoseconds (ns)

=========================================================================
Timing constraint: Default period analysis for Clock 'clock_in'
  Clock period: 3.447ns (frequency: 290.107MHz)
  Total number of paths / destination ports: 299 / 73
-------------------------------------------------------------------------
Delay:               3.447ns (Levels of Logic = 4)
  Source:            XLXI_4 (FF)
  Destination:       XLXI_2/COUNT_0 (FF)
  Source Clock:      clock_in rising
  Destination Clock: clock_in rising

  Data Path: XLXI_4 to XLXI_2/COUNT_0
                                Gate     Net
    Cell:in->out      fanout   Delay   Delay  Logical Name (Net Name)
    ----------------------------------------  ------------
     FDC:C->Q              2   0.361   0.283  XLXI_4 (EQ_D_OBUF)
     INV:I->O              1   0.511   0.693  XLXI_5 (XLXN_11)
     AND2:I0->O            2   0.097   0.697  XLXI_6 (EQ_posedge_OBUF)
     OR2:I0->O            18   0.097   0.358  XLXI_10 (clk_in)
     begin scope: 'XLXI_2:CLR'
     FDCE:CLR                  0.349          COUNT_0
    ----------------------------------------
    Total                      3.447ns (1.415ns logic, 2.032ns route)
                                       (41.1% logic, 58.9% route)

=========================================================================
Timing constraint: Default OFFSET IN BEFORE for Clock 'clock_in'
  Total number of paths / destination ports: 34 / 34
-------------------------------------------------------------------------
Offset:              1.572ns (Levels of Logic = 3)
  Source:            reset_in (PAD)
  Destination:       XLXI_2/COUNT_0 (FF)
  Destination Clock: clock_in rising

  Data Path: reset_in to XLXI_2/COUNT_0
                                Gate     Net
    Cell:in->out      fanout   Delay   Delay  Logical Name (Net Name)
    ----------------------------------------  ------------
     IBUF:I->O            17   0.001   0.757  reset_in_IBUF (reset_in_IBUF)
     OR2:I1->O            18   0.107   0.358  XLXI_10 (clk_in)
     begin scope: 'XLXI_2:CLR'
     FDCE:CLR                  0.349          COUNT_0
    ----------------------------------------
    Total                      1.572ns (0.457ns logic, 1.115ns route)
                                       (29.1% logic, 70.9% route)

=========================================================================
Timing constraint: Default OFFSET OUT AFTER for Clock 'clock_in'
  Total number of paths / destination ports: 109 / 50
-------------------------------------------------------------------------
Offset:              3.071ns (Levels of Logic = 5)
  Source:            XLXI_50/COUNT_0 (FF)
  Destination:       A_inainte (PAD)
  Source Clock:      clock_in rising

  Data Path: XLXI_50/COUNT_0 to A_inainte
                                Gate     Net
    Cell:in->out      fanout   Delay   Delay  Logical Name (Net Name)
    ----------------------------------------  ------------
     FDCE:C->Q            12   0.361   0.330  COUNT_0 (COUNT_0)
     end scope: 'XLXI_50:Q0'
     INV:I->O              1   0.511   0.556  XLXI_59 (XLXN_134)
     AND3:I2->O            3   0.234   0.693  XLXI_51 (s_000_OBUF)
     OR2:I1->O             1   0.107   0.279  XLXI_181 (A_inainte_OBUF)
     OBUF:I->O                 0.000          A_inainte_OBUF (A_inainte)
    ----------------------------------------
    Total                      3.071ns (1.213ns logic, 1.858ns route)
                                       (39.5% logic, 60.5% route)

=========================================================================

Cross Clock Domains Report:
--------------------------

Clock to Setup on destination clock clock_in
---------------+---------+---------+---------+---------+
               | Src:Rise| Src:Fall| Src:Rise| Src:Fall|
Source Clock   |Dest:Rise|Dest:Rise|Dest:Fall|Dest:Fall|
---------------+---------+---------+---------+---------+
clock_in       |    3.447|         |         |         |
---------------+---------+---------+---------+---------+

=========================================================================


Total REAL time to Xst completion: 9.00 secs
Total CPU time to Xst completion: 9.04 secs
 
--> 

Total memory usage is 4595380 kilobytes

Number of errors   :    0 (   0 filtered)
Number of warnings :    1 (   0 filtered)
Number of infos    :    9 (   0 filtered)

